<?xml version="1.0" encoding="UTF-8"?>
<!-- Generated by org.testng.reporters.JUnitReportReporter -->
<testsuite skipped="0" hostname="DESKTOP-R4959BB" name="testng.P1" tests="10" failures="0" timestamp="2021-03-06T20:19:33 IST" time="0.022" errors="0">
  <testcase name="apple" time="0.003" classname="testng.P1"/>
  <system-out>
from apple  </system-out>
  <testcase name="apple" time="0.003" classname="testng.P1"/>
  <system-out>
from apple  </system-out>
  <testcase name="banana" time="0.003" classname="testng.P1"/>
  <system-out>
from banana  </system-out>
  <testcase name="banana" time="0.001" classname="testng.P1"/>
  <system-out>
from banana  </system-out>
  <testcase name="zebra" time="0.003" classname="testng.P1"/>
  <system-out>
from zebra  </system-out>
  <testcase name="zebra" time="0.004" classname="testng.P1"/>
  <system-out>
from zebra  </system-out>
  <testcase name="zebra" time="0.001" classname="testng.P1"/>
  <system-out>
from zebra  </system-out>
  <testcase name="zebra" time="0.001" classname="testng.P1"/>
  <system-out>
from zebra  </system-out>
  <testcase name="banana" time="0.001" classname="testng.P1"/>
  <system-out>
from banana  </system-out>
  <testcase name="zebra" time="0.002" classname="testng.P1"/>
  <system-out>
from zebra  </system-out>
</testsuite> <!-- testng.P1 -->
